<?xml version="1.0" encoding="UTF-8"?>
<!-- Generated by org.testng.reporters.JUnitReportReporter -->
<testsuite skipped="1" hostname="DESKTOP-4SEATJJ" name="org.testng.prac.Prac2" tests="2" failures="0" timestamp="28 Apr 2021 14:09:21 GMT" time="0.003" errors="0">
  <testcase name="tc6" time="0.003" classname="org.testng.prac.Prac2"/>
  <testcase name="tc7" classname="org.testng.prac.Prac2">
    <skipped/>
  </testcase> <!-- tc7 -->
</testsuite> <!-- org.testng.prac.Prac2 -->
