<?xml version="1.0" encoding="UTF-8"?>
<!-- Generated by org.testng.reporters.JUnitReportReporter -->
<testsuite skipped="0" hostname="DESKTOP-4SEATJJ" name="org.test2.SampleTest1" tests="5" failures="0" timestamp="26 Apr 2021 09:46:08 GMT" time="0.027" errors="0">
  <testcase name="tc1" time="0.011" classname="org.test2.SampleTest1"/>
  <testcase name="tc2" time="0.008" classname="org.test2.SampleTest1"/>
  <testcase name="tc0" time="0.002" classname="org.test2.SampleTest1"/>
  <testcase name="tc4" time="0.003" classname="org.test2.SampleTest1"/>
  <testcase name="tc3" time="0.003" classname="org.test2.SampleTest1"/>
</testsuite> <!-- org.test2.SampleTest1 -->
