<?xml version="1.0" encoding="UTF-8"?>
<!-- Generated by org.testng.reporters.JUnitReportReporter -->
<testsuite skipped="0" hostname="DESKTOP-4SEATJJ" name="org.testng.prac.Prac1" tests="1" failures="0" timestamp="28 Apr 2021 14:09:21 GMT" time="0.009" errors="0">
  <testcase name="tc1" time="0.009" classname="org.testng.prac.Prac1"/>
</testsuite> <!-- org.testng.prac.Prac1 -->
