<?xml version="1.0" encoding="UTF-8"?>
<!-- Generated by org.testng.reporters.JUnitReportReporter -->
<testsuite skipped="1" hostname="DESKTOP-4SEATJJ" name="org.testng.prac.Prac3" tests="2" failures="0" timestamp="28 Apr 2021 14:09:21 GMT" time="0.003" errors="0">
  <testcase name="tc11" time="0.003" classname="org.testng.prac.Prac3"/>
  <testcase name="tc12" classname="org.testng.prac.Prac3">
    <skipped/>
  </testcase> <!-- tc12 -->
</testsuite> <!-- org.testng.prac.Prac3 -->
